Arguments: 
  /Users/favianamrullah/.nvm/versions/node/v18.13.0/bin/node /opt/homebrew/Cellar/yarn/1.22.17_2/libexec/bin/yarn.js

PATH: 
  /Users/favianamrullah/.nvm/versions/node/v18.13.0/bin:/opt/homebrew/bin:/opt/homebrew/sbin:/usr/local/bin:/System/Cryptexes/App/usr/bin:/usr/bin:/bin:/usr/sbin:/sbin:/Library/Apple/usr/bin

Yarn version: 
  1.22.17

Node version: 
  18.13.0

Platform: 
  darwin arm64

Trace: 
  Error: https://registry.yarnpkg.com/@sveltejs%2fadapter-auto: ETIMEDOUT
      at Timeout._onTimeout (/opt/homebrew/Cellar/yarn/1.22.17_2/libexec/lib/cli.js:141543:19)
      at listOnTimeout (node:internal/timers:564:17)
      at process.processTimers (node:internal/timers:507:7)

npm manifest: 
  {
    "name": "fairsplit",
    "version": "0.0.1",
    "private": true,
    "scripts": {
      "dev": "vite dev",
      "build": "vite build",
      "preview": "vite preview",
      "check": "svelte-kit sync && svelte-check --tsconfig ./tsconfig.json",
      "check:watch": "svelte-kit sync && svelte-check --tsconfig ./tsconfig.json --watch",
      "test": "vitest",
      "lint": "prettier --check . && eslint .",
      "format": "prettier --write ."
    },
    "devDependencies": {
      "@sveltejs/adapter-auto": "^3.0.0",
      "@sveltejs/kit": "^2.0.0",
      "@sveltejs/vite-plugin-svelte": "^3.0.0",
      "@types/eslint": "8.56.0",
      "@typescript-eslint/eslint-plugin": "^6.0.0",
      "@typescript-eslint/parser": "^6.0.0",
      "eslint": "^8.56.0",
      "eslint-config-prettier": "^9.1.0",
      "eslint-plugin-svelte": "^2.35.1",
      "prettier": "^3.1.1",
      "prettier-plugin-svelte": "^3.1.2",
      "svelte": "^4.2.7",
      "svelte-check": "^3.6.0",
      "tslib": "^2.4.1",
      "typescript": "^5.0.0",
      "vite": "^5.0.3",
      "vitest": "^1.0.0",
      "postcss": "8.4.33",
      "autoprefixer": "10.4.16",
      "tailwindcss": "3.4.1",
      "@skeletonlabs/skeleton": "2.7.0",
      "@skeletonlabs/tw-plugin": "0.3.1",
      "vite-plugin-tailwind-purgecss": "0.2.0",
      "@tailwindcss/typography": "0.5.10",
      "@types/node": "20.10.7"
    },
    "type": "module"
  }

yarn manifest: 
  No manifest

Lockfile: 
  No lockfile
